<?xml version="1.0" encoding="UTF-8"?>
<!-- Generated by org.testng.reporters.JUnitReportReporter -->
<testsuite hostname="DESKTOP-3VI02IA" failures="0" tests="3" name="com.comcast.crm.ParallelExecution_Distributed.CreateContactTest" time="55.971" errors="0" timestamp="2025-06-13T23:25:49 IST" skipped="0">
  <testcase classname="com.comcast.crm.ParallelExecution_Distributed.CreateContactTest" name="createContactTest" time="13.408"/>
  <system-out/>
  <testcase classname="com.comcast.crm.ParallelExecution_Distributed.CreateContactTest" name="createContactWithOrganizationTest" time="23.997"/>
  <system-out/>
  <testcase classname="com.comcast.crm.ParallelExecution_Distributed.CreateContactTest" name="createContactWithSupportDateTest" time="18.566"/>
  <system-out/>
</testsuite> <!-- com.comcast.crm.ParallelExecution_Distributed.CreateContactTest -->
