<?xml version="1.0" encoding="UTF-8"?>
<!-- Generated by org.testng.reporters.JUnitReportReporter -->
<testsuite hostname="DESKTOP-3VI02IA" failures="0" tests="3" name="practice.test.GetProductInfoTest" time="17.774" errors="0" timestamp="2025-06-10T12:55:34 IST" skipped="0">
  <testcase classname="practice.test.GetProductInfoTest" name="getProductInfoTest" time="6.717"/>
  <testcase classname="practice.test.GetProductInfoTest" name="getProductInfoTest" time="5.490"/>
  <testcase classname="practice.test.GetProductInfoTest" name="getProductInfoTest" time="5.567"/>
</testsuite> <!-- practice.test.GetProductInfoTest -->
