<?xml version="1.0" encoding="UTF-8"?>
<!-- Generated by org.testng.reporters.JUnitReportReporter -->
<testsuite hostname="DESKTOP-3VI02IA" failures="0" tests="3" name="com.comcast.crm.batchExecution.CreateOrgTest" time="40.790" errors="0" timestamp="2025-06-13T22:17:05 IST" skipped="0">
  <testcase classname="com.comcast.crm.batchExecution.CreateOrgTest" name="createOrganizationWithIndustryAndTypeTest" time="13.963"/>
  <system-out/>
  <testcase classname="com.comcast.crm.batchExecution.CreateOrgTest" name="createOrganizationTest" time="14.572"/>
  <system-out/>
  <testcase classname="com.comcast.crm.batchExecution.CreateOrgTest" name="createOrganizationWithPhoneNumber" time="12.255"/>
  <system-out/>
</testsuite> <!-- com.comcast.crm.batchExecution.CreateOrgTest -->
