<?xml version="1.0" encoding="UTF-8"?>
<!-- Generated by org.testng.reporters.JUnitReportReporter -->
<testsuite hostname="DESKTOP-3VI02IA" failures="0" tests="3" name="com.comcast.crm.ParallelExecution_Distributed.CreateOrgTest" time="41.131" errors="0" timestamp="2025-06-13T23:25:49 IST" skipped="0">
  <testcase classname="com.comcast.crm.ParallelExecution_Distributed.CreateOrgTest" name="createOrganizationWithIndustryAndTypeTest" time="13.957"/>
  <system-out/>
  <testcase classname="com.comcast.crm.ParallelExecution_Distributed.CreateOrgTest" name="createOrganizationWithPhoneNumber" time="13.191"/>
  <system-out/>
  <testcase classname="com.comcast.crm.ParallelExecution_Distributed.CreateOrgTest" name="createOrganizationTest" time="13.983"/>
  <system-out/>
</testsuite> <!-- com.comcast.crm.ParallelExecution_Distributed.CreateOrgTest -->
