<?xml version="1.0" encoding="UTF-8"?>
<!-- Generated by org.testng.reporters.JUnitReportReporter -->
<testsuite hostname="DESKTOP-3VI02IA" failures="0" tests="1" name="com.comcast.crm.ConfigAnnotations_RealTest.CreateContactWithOrganization" time="27.103" errors="0" timestamp="2025-06-13T17:01:40 IST" skipped="0">
  <testcase classname="com.comcast.crm.ConfigAnnotations_RealTest.CreateContactWithOrganization" name="createContactWithOrganizationTest" time="27.103"/>
  <system-out/>
</testsuite> <!-- com.comcast.crm.ConfigAnnotations_RealTest.CreateContactWithOrganization -->
