<?xml version="1.0" encoding="UTF-8"?>
<!-- Generated by org.testng.reporters.JUnitReportReporter -->
<testsuite hostname="DESKTOP-3VI02IA" failures="0" tests="2" name="com.comcast.crm.ContactTest_ConfigAnnotations.CreateContactTest" time="0.010" errors="0" timestamp="2025-06-10T16:25:58 IST" skipped="0">
  <testcase classname="com.comcast.crm.ContactTest_ConfigAnnotations.CreateContactTest" name="createContact" time="0.008"/>
  <testcase classname="com.comcast.crm.ContactTest_ConfigAnnotations.CreateContactTest" name="createContactWithDateTest" time="0.002"/>
</testsuite> <!-- com.comcast.crm.ContactTest_ConfigAnnotations.CreateContactTest -->
