<?xml version="1.0" encoding="UTF-8"?>
<!-- Generated by org.testng.reporters.JUnitReportReporter -->
<testsuite hostname="DESKTOP-3VI02IA" failures="0" tests="2" name="com.comcast.crm.OrgTest_ConfigAnnotations.CreateOrganizationTest" time="0.002" errors="0" timestamp="2025-06-10T16:25:58 IST" skipped="0">
  <testcase classname="com.comcast.crm.OrgTest_ConfigAnnotations.CreateOrganizationTest" name="createOrganizationTest" time="0.001"/>
  <testcase classname="com.comcast.crm.OrgTest_ConfigAnnotations.CreateOrganizationTest" name="createOrganizationWithIndustryTest" time="0.001"/>
</testsuite> <!-- com.comcast.crm.OrgTest_ConfigAnnotations.CreateOrganizationTest -->
