<?xml version="1.0" encoding="UTF-8"?>
<!-- Generated by org.testng.reporters.JUnitReportReporter -->
<testsuite hostname="DESKTOP-3VI02IA" failures="0" tests="3" name="com.comcast.crm.Assertion.CreateContactTest" time="111.601" errors="0" timestamp="2025-06-17T15:49:21 IST" skipped="0">
  <testcase classname="com.comcast.crm.Assertion.CreateContactTest" name="createContactTest" time="26.430"/>
  <system-out/>
  <testcase classname="com.comcast.crm.Assertion.CreateContactTest" name="createContactWithOrganizationTest" time="59.352"/>
  <system-out/>
  <testcase classname="com.comcast.crm.Assertion.CreateContactTest" name="createContactWithSupportDateTest" time="25.819"/>
  <system-out/>
</testsuite> <!-- com.comcast.crm.Assertion.CreateContactTest -->
