<?xml version="1.0" encoding="UTF-8"?>
<!-- Generated by org.testng.reporters.JUnitReportReporter -->
<testsuite hostname="DESKTOP-3VI02IA" failures="0" tests="3" name="com.comcast.crm.ListenersAndScreenshot.CreateContactTest" time="61.621" errors="0" timestamp="2025-06-16T10:53:39 IST" skipped="0">
  <testcase classname="com.comcast.crm.ListenersAndScreenshot.CreateContactTest" name="createContactWithOrganizationTest" time="23.997"/>
  <system-out/>
  <testcase classname="com.comcast.crm.ListenersAndScreenshot.CreateContactTest" name="createContactWithSupportDateTest" time="17.276"/>
  <system-out/>
  <testcase classname="com.comcast.crm.ListenersAndScreenshot.CreateContactTest" name="createContactTest" time="20.348"/>
  <system-out/>
</testsuite> <!-- com.comcast.crm.ListenersAndScreenshot.CreateContactTest -->
