<?xml version="1.0" encoding="UTF-8"?>
<!-- Generated by org.testng.reporters.JUnitReportReporter -->
<testsuite hostname="DESKTOP-3VI02IA" failures="0" tests="3" name="com.comcast.crm.batchExecution.CreateContactTest" time="54.496" errors="0" timestamp="2025-06-13T22:17:05 IST" skipped="0">
  <testcase classname="com.comcast.crm.batchExecution.CreateContactTest" name="createContactWithOrganizationTest" time="25.773"/>
  <system-out/>
  <testcase classname="com.comcast.crm.batchExecution.CreateContactTest" name="createContactWithSupportDateTest" time="17.751"/>
  <system-out/>
  <testcase classname="com.comcast.crm.batchExecution.CreateContactTest" name="createContactTest" time="10.972"/>
  <system-out/>
</testsuite> <!-- com.comcast.crm.batchExecution.CreateContactTest -->
