<?xml version="1.0" encoding="UTF-8"?>
<!-- Generated by org.testng.reporters.JUnitReportReporter -->
<testsuite hostname="DESKTOP-3VI02IA" failures="0" tests="1" name="com.comcast.crm.groupExecution.CreateOrgTest" time="13.546" errors="0" timestamp="2025-06-13T23:13:56 IST" skipped="0">
  <testcase classname="com.comcast.crm.groupExecution.CreateOrgTest" name="createOrganizationTest" time="13.546"/>
  <system-out/>
</testsuite> <!-- com.comcast.crm.groupExecution.CreateOrgTest -->
