<?xml version="1.0" encoding="UTF-8"?>
<!-- Generated by org.testng.reporters.JUnitReportReporter -->
<testsuite hostname="DESKTOP-3VI02IA" failures="0" tests="1" name="com.comcast.crm.ConfigAnnotations_RealTest.CreateContact" time="14.510" errors="0" timestamp="2025-06-13T17:00:42 IST" skipped="0">
  <testcase classname="com.comcast.crm.ConfigAnnotations_RealTest.CreateContact" name="createContactTest" time="14.510"/>
  <system-out/>
</testsuite> <!-- com.comcast.crm.ConfigAnnotations_RealTest.CreateContact -->
