<?xml version="1.0" encoding="UTF-8"?>
<!-- Generated by org.testng.reporters.JUnitReportReporter -->
<testsuite hostname="DESKTOP-3VI02IA" failures="0" tests="1" name="com.comcast.crm.ConfigAnnotations_RealTest.CreateOrganization" time="14.407" errors="0" timestamp="2025-06-13T17:02:41 IST" skipped="0">
  <testcase classname="com.comcast.crm.ConfigAnnotations_RealTest.CreateOrganization" name="createOrganizationTest" time="14.407"/>
  <system-out/>
</testsuite> <!-- com.comcast.crm.ConfigAnnotations_RealTest.CreateOrganization -->
