<?xml version="1.0" encoding="UTF-8"?>
<!-- Generated by org.testng.reporters.JUnitReportReporter -->
<testsuite hostname="DESKTOP-3VI02IA" failures="0" tests="3" name="com.comcast.crm.Debugging.CreateContactTest" time="54.283" errors="0" timestamp="2025-06-17T15:53:32 IST" skipped="0">
  <testcase classname="com.comcast.crm.Debugging.CreateContactTest" name="createContactWithOrganizationTest" time="21.702"/>
  <system-out/>
  <testcase classname="com.comcast.crm.Debugging.CreateContactTest" name="createContactWithSupportDateTest" time="17.613"/>
  <system-out/>
  <testcase classname="com.comcast.crm.Debugging.CreateContactTest" name="createContactTest" time="14.968"/>
  <system-out/>
</testsuite> <!-- com.comcast.crm.Debugging.CreateContactTest -->
